info it worked if it ends with ok
verbose cli [ 'node', '/usr/bin/npm', 'publish' ]
info using npm@1.0.17
info using node@v0.4.11
verbose config file /Users/justingreene/.npmrc
verbose config file /usr/etc/npmrc
verbose publish [ '.' ]
silly testEngine { name: 'watch-less',
silly testEngine   version: '0.0.2',
silly testEngine   description: 'Watches your .less files recursively and auto-compiles them.',
silly testEngine   bin: { 'watch-less': 'cli.js' },
silly testEngine   repository: 
silly testEngine    { type: 'git',
silly testEngine      url: 'git://github.com/jgreene/watch-less.git' },
silly testEngine   keywords: [ 'less', 'css', 'watch' ],
silly testEngine   dependencies: 
silly testEngine    { less: '>=1.1.1',
silly testEngine      optimist: '>=0.2.6 <0.3',
silly testEngine      walk: '>= 2.0.1' },
silly testEngine   author: 
silly testEngine    { name: 'Justin Greene',
silly testEngine      email: 'justin.j.greene@gmail.com' },
silly testEngine   license: 'BSD',
silly testEngine   engine: { node: '>=0.4.0' },
silly testEngine   _npmJsonOpts: 
silly testEngine    { file: 'package.json',
silly testEngine      wscript: false,
silly testEngine      contributors: false,
silly testEngine      serverjs: false },
silly testEngine   _id: 'watch-less@0.0.2',
silly testEngine   devDependencies: {},
silly testEngine   engines: { node: '*' },
silly testEngine   _engineSupported: true,
silly testEngine   _npmVersion: '1.0.17',
silly testEngine   _nodeVersion: 'v0.4.11',
silly testEngine   _defaultsLoaded: true,
silly testEngine   path: '/Users/justingreene/Desktop/Projects/watch-less',
silly testEngine   bundleDependencies: [] }
verbose caching package.json
verbose loadDefaults watch-less@0.0.2
verbose pack /Users/justingreene/Desktop/Projects/watch-less /var/folders/fc/hm3fygld7f5dcbf1vnz8fhwc0000gn/T/npm-1332805671680/1332805671680-0.8899517003446817/tmp.tgz
verbose mkdir done: /var/folders/fc/hm3fygld7f5dcbf1vnz8fhwc0000gn/T/npm-1332805671680/1332805671680-0.8899517003446817 755
verbose mkdir'ed /var/folders/fc/hm3fygld7f5dcbf1vnz8fhwc0000gn/T/npm-1332805671680/1332805671680-0.8899517003446817
verbose tar about to write tar and gzip it.
silly tar args [ '-cvf',
silly tar args   '-',
silly tar args   'watch-less/cli.js',
silly tar args   'watch-less/package.json',
silly tar args   'watch-less/README' ]
verbose success tar -cvf - <file list elided>
verbose success gzip "--stdout"
verbose mkdir done: /var/folders/fc/hm3fygld7f5dcbf1vnz8fhwc0000gn/T/npm-1332805671680/1332805671680-0.8899517003446817/contents/___package.npm 755
verbose unpack_ uid, gid [ undefined, undefined ]
verbose unpackTarget /var/folders/fc/hm3fygld7f5dcbf1vnz8fhwc0000gn/T/npm-1332805671680/1332805671680-0.8899517003446817/contents/package
silly gunzTarPerm modes [ '755', '644' ]
verbose success gzip "--decompress" "--stdout" "/var/folders/fc/hm3fygld7f5dcbf1vnz8fhwc0000gn/T/npm-1332805671680/1332805671680-0.8899517003446817/tmp.tgz"
verbose success tar "-mvxpf" "-" "-o" "-C" "/var/folders/fc/hm3fygld7f5dcbf1vnz8fhwc0000gn/T/npm-1332805671680/1332805671680-0.8899517003446817/contents/___package.npm"
silly asyncMap in gTP /var/folders/fc/hm3fygld7f5dcbf1vnz8fhwc0000gn/T/npm-1332805671680/1332805671680-0.8899517003446817/contents/___package.npm/watch-less/
silly asyncMap in gTP /var/folders/fc/hm3fygld7f5dcbf1vnz8fhwc0000gn/T/npm-1332805671680/1332805671680-0.8899517003446817/contents/___package.npm/watch-less/cli.js
silly asyncMap in gTP /var/folders/fc/hm3fygld7f5dcbf1vnz8fhwc0000gn/T/npm-1332805671680/1332805671680-0.8899517003446817/contents/___package.npm/watch-less/package.json
silly asyncMap in gTP /var/folders/fc/hm3fygld7f5dcbf1vnz8fhwc0000gn/T/npm-1332805671680/1332805671680-0.8899517003446817/contents/___package.npm/watch-less/README
verbose gunzed /var/folders/fc/hm3fygld7f5dcbf1vnz8fhwc0000gn/T/npm-1332805671680/1332805671680-0.8899517003446817/contents/___package.npm/watch-less
verbose rm'ed /var/folders/fc/hm3fygld7f5dcbf1vnz8fhwc0000gn/T/npm-1332805671680/1332805671680-0.8899517003446817/contents/package
verbose renamed [ '/var/folders/fc/hm3fygld7f5dcbf1vnz8fhwc0000gn/T/npm-1332805671680/1332805671680-0.8899517003446817/contents/___package.npm/watch-less',
verbose renamed   '/var/folders/fc/hm3fygld7f5dcbf1vnz8fhwc0000gn/T/npm-1332805671680/1332805671680-0.8899517003446817/contents/package' ]
silly testEngine { name: 'watch-less',
silly testEngine   version: '0.0.2',
silly testEngine   description: 'Watches your .less files recursively and auto-compiles them.',
silly testEngine   bin: { 'watch-less': 'cli.js' },
silly testEngine   repository: 
silly testEngine    { type: 'git',
silly testEngine      url: 'git://github.com/jgreene/watch-less.git' },
silly testEngine   keywords: [ 'less', 'css', 'watch' ],
silly testEngine   dependencies: 
silly testEngine    { less: '>=1.1.1',
silly testEngine      optimist: '>=0.2.6 <0.3',
silly testEngine      walk: '>= 2.0.1' },
silly testEngine   author: 
silly testEngine    { name: 'Justin Greene',
silly testEngine      email: 'justin.j.greene@gmail.com' },
silly testEngine   license: 'BSD',
silly testEngine   engine: { node: '>=0.4.0' },
silly testEngine   _npmJsonOpts: 
silly testEngine    { file: '/var/folders/fc/hm3fygld7f5dcbf1vnz8fhwc0000gn/T/npm-1332805671680/1332805671680-0.8899517003446817/contents/package/package.json',
silly testEngine      wscript: false,
silly testEngine      contributors: false,
silly testEngine      serverjs: false },
silly testEngine   _id: 'watch-less@0.0.2',
silly testEngine   devDependencies: {},
silly testEngine   engines: { node: '*' },
silly testEngine   _engineSupported: true,
silly testEngine   _npmVersion: '1.0.17',
silly testEngine   _nodeVersion: 'v0.4.11',
silly testEngine   _defaultsLoaded: true,
silly testEngine   path: '/var/folders/fc/hm3fygld7f5dcbf1vnz8fhwc0000gn/T/npm-1332805671680/1332805671680-0.8899517003446817/contents/package' }
verbose caching /var/folders/fc/hm3fygld7f5dcbf1vnz8fhwc0000gn/T/npm-1332805671680/1332805671680-0.8899517003446817/contents/package/package.json
verbose loadDefaults watch-less@0.0.2
verbose tarball contents [ 'package' ]
verbose from cache /var/folders/fc/hm3fygld7f5dcbf1vnz8fhwc0000gn/T/npm-1332805671680/1332805671680-0.8899517003446817/contents/package/package.json
verbose pack /var/folders/fc/hm3fygld7f5dcbf1vnz8fhwc0000gn/T/npm-1332805671680/1332805671680-0.8899517003446817/contents/package /Users/justingreene/.npm/watch-less/0.0.2/package.tgz
verbose mkdir done: /Users/justingreene/.npm/watch-less/0.0.2 755
verbose mkdir'ed /Users/justingreene/.npm/watch-less/0.0.2
verbose tar about to write tar and gzip it.
silly tar args [ '-cvf',
silly tar args   '-',
silly tar args   'package/cli.js',
silly tar args   'package/package.json',
silly tar args   'package/README' ]
verbose success tar -cvf - <file list elided>
verbose success gzip "--stdout"
verbose mkdir done: /Users/justingreene/.npm/watch-less/0.0.2/___package.npm 755
verbose unpack_ uid, gid [ undefined, undefined ]
verbose unpackTarget /Users/justingreene/.npm/watch-less/0.0.2/package
silly gunzTarPerm modes [ '755', '644' ]
verbose success gzip "--decompress" "--stdout" "/Users/justingreene/.npm/watch-less/0.0.2/package.tgz"
verbose success tar "-mvxpf" "-" "-o" "-C" "/Users/justingreene/.npm/watch-less/0.0.2/___package.npm"
silly asyncMap in gTP /Users/justingreene/.npm/watch-less/0.0.2/___package.npm/package/
silly asyncMap in gTP /Users/justingreene/.npm/watch-less/0.0.2/___package.npm/package/cli.js
silly asyncMap in gTP /Users/justingreene/.npm/watch-less/0.0.2/___package.npm/package/package.json
silly asyncMap in gTP /Users/justingreene/.npm/watch-less/0.0.2/___package.npm/package/README
verbose gunzed /Users/justingreene/.npm/watch-less/0.0.2/___package.npm/package
verbose rm'ed /Users/justingreene/.npm/watch-less/0.0.2/package
verbose renamed [ '/Users/justingreene/.npm/watch-less/0.0.2/___package.npm/package',
verbose renamed   '/Users/justingreene/.npm/watch-less/0.0.2/package' ]
silly testEngine { name: 'watch-less',
silly testEngine   version: '0.0.2',
silly testEngine   description: 'Watches your .less files recursively and auto-compiles them.',
silly testEngine   bin: { 'watch-less': 'cli.js' },
silly testEngine   repository: 
silly testEngine    { type: 'git',
silly testEngine      url: 'git://github.com/jgreene/watch-less.git' },
silly testEngine   keywords: [ 'less', 'css', 'watch' ],
silly testEngine   dependencies: 
silly testEngine    { less: '>=1.1.1',
silly testEngine      optimist: '>=0.2.6 <0.3',
silly testEngine      walk: '>= 2.0.1' },
silly testEngine   author: 
silly testEngine    { name: 'Justin Greene',
silly testEngine      email: 'justin.j.greene@gmail.com' },
silly testEngine   license: 'BSD',
silly testEngine   engine: { node: '>=0.4.0' },
silly testEngine   _npmJsonOpts: 
silly testEngine    { file: '/Users/justingreene/.npm/watch-less/0.0.2/package/package.json',
silly testEngine      wscript: false,
silly testEngine      contributors: false,
silly testEngine      serverjs: false },
silly testEngine   _id: 'watch-less@0.0.2',
silly testEngine   devDependencies: {},
silly testEngine   engines: { node: '*' },
silly testEngine   _engineSupported: true,
silly testEngine   _npmVersion: '1.0.17',
silly testEngine   _nodeVersion: 'v0.4.11',
silly testEngine   _defaultsLoaded: true,
silly testEngine   dist: 
silly testEngine    { shasum: '01b0f1732fdd0efe6891680bc349b0a313e2dcaa',
silly testEngine      tarball: 'http://registry.npmjs.org/watch-less/-/watch-less-0.0.2.tgz' },
silly testEngine   scripts: {} }
verbose caching /Users/justingreene/.npm/watch-less/0.0.2/package/package.json
verbose loadDefaults watch-less@0.0.2
silly updated sha bytes 1791
info shasum 01b0f1732fdd0efe6891680bc349b0a313e2dcaa
info shasum /Users/justingreene/.npm/watch-less/0.0.2/package.tgz
verbose from cache /Users/justingreene/.npm/watch-less/0.0.2/package/package.json
verbose chmod /Users/justingreene/.npm/watch-less/0.0.2/package.tgz 644
silly publish { name: 'watch-less',
silly publish   version: '0.0.2',
silly publish   description: 'Watches your .less files recursively and auto-compiles them.',
silly publish   bin: { 'watch-less': 'cli.js' },
silly publish   repository: 
silly publish    { type: 'git',
silly publish      url: 'git://github.com/jgreene/watch-less.git' },
silly publish   keywords: [ 'less', 'css', 'watch' ],
silly publish   dependencies: 
silly publish    { less: '>=1.1.1',
silly publish      optimist: '>=0.2.6 <0.3',
silly publish      walk: '>= 2.0.1' },
silly publish   author: 
silly publish    { name: 'Justin Greene',
silly publish      email: 'justin.j.greene@gmail.com' },
silly publish   license: 'BSD',
silly publish   engine: { node: '>=0.4.0' },
silly publish   _npmJsonOpts: 
silly publish    { file: '/Users/justingreene/.npm/watch-less/0.0.2/package/package.json',
silly publish      wscript: false,
silly publish      contributors: false,
silly publish      serverjs: false },
silly publish   _id: 'watch-less@0.0.2',
silly publish   devDependencies: {},
silly publish   engines: { node: '*' },
silly publish   _engineSupported: true,
silly publish   _npmVersion: '1.0.17',
silly publish   _nodeVersion: 'v0.4.11',
silly publish   _defaultsLoaded: true,
silly publish   dist: 
silly publish    { shasum: '01b0f1732fdd0efe6891680bc349b0a313e2dcaa',
silly publish      tarball: 'http://registry.npmjs.org/watch-less/-/watch-less-0.0.2.tgz' },
silly publish   scripts: {} }
info prepublish watch-less@0.0.2
verbose PUT watch-less
verbose raw, before any munging watch-less
verbose url resolving [ 'http://registry.npmjs.org/', './watch-less' ]
verbose url resolved http://registry.npmjs.org/watch-less
verbose url parsed { protocol: 'http:',
verbose url parsed   slashes: true,
verbose url parsed   host: 'registry.npmjs.org',
verbose url parsed   hostname: 'registry.npmjs.org',
verbose url parsed   href: 'http://registry.npmjs.org/watch-less',
verbose url parsed   pathname: '/watch-less' }
WARN Sending authorization over insecure channel.
silly writing json { _id: 'watch-less',
silly writing json   name: 'watch-less',
silly writing json   description: 'Watches your .less files recursively and auto-compiles them.',
silly writing json   'dist-tags': {},
silly writing json   versions: {},
silly writing json   maintainers: 
silly writing json    [ { name: 'Justin Greene',
silly writing json        email: 'justin.j.greene@gmail.com' } ] }
verbose response http://registry.npmjs.org/watch-less
silly chunk {"error":"conflict","reason":"Document update conflict."}
silly chunk 
verbose GET watch-less
verbose raw, before any munging watch-less
verbose url resolving [ 'http://registry.npmjs.org/', './watch-less' ]
verbose url resolved http://registry.npmjs.org/watch-less
verbose url parsed { protocol: 'http:',
verbose url parsed   slashes: true,
verbose url parsed   host: 'registry.npmjs.org',
verbose url parsed   hostname: 'registry.npmjs.org',
verbose url parsed   href: 'http://registry.npmjs.org/watch-less',
verbose url parsed   pathname: '/watch-less' }
verbose response http://registry.npmjs.org/watch-less
silly chunk {"_id":"watch-less","_rev":"5-f69a778ee58c681ad3b24a766576c016","name":"watch-less","description":"Watches your .less files recursively and auto-compiles them.","dist-tags":{"latest":"0.0.2"},"versions":{"0.0.1":{"name":"watch-less","version":"0.0.1","description":"Watches your .less files recursively and auto-compiles them.","bin":{"watch-less":"cli.js"},"keywords":["less","css","watch"],"dependencies":{"less":">=1.1.1","optimist":">=0.2.6 <0.3","walk":">= 2.0.1"},"author":{"name":"Justin Greene","email":"justin.j.greene@gmail.com"},"license":"BSD","engine":{"node":">=0.4.0"},"_npmJsonOpts":{"file":"/home/nephesh/.npm/watch-less/0.0.1/package/package.json","wscript":false,"contributors":false,"serverjs":false},"_id":"watch-less@0.0.1","devDependencies":{},"engines":{"node":"*"},"_engineSupported":true,"_npmVersion":"1.0.27","_nodeVersion":"v0.4.7","_defaultsLoaded":true,"dist":{"shasum":"dee3ad0a5612bb7409eb85e56c3a957237dd28fc","tarball":"http://registry.npmjs.org/watch-less/-/watch-less-0.0.1.tgz"},"maintainers":[{"name":"jgreene","email":"justin.j.greene@gmail.com"}],"directories":{}},"0.0.2":{"name":"watch-less","version":"0.0.2","description":"Watches your .less files recursively and auto-compiles them.","bin":{"watch-less":"cli.js"},"repository":{"type":"git","url":"git://github.com/jgreene/watch-less.git"},"keywords":["less","css","watch"],"dependencies":{"less":">=1.1.1","optimist":">=0.2.6 <0.3","walk":">= 2.0.1"},
silly chunk "author":{"name":"Justin Greene","email":"justin.j.greene@gmail.com"},"license":"BSD","engine":{"node":">=0.4.0"},"_npmJsonOpts":{"file":"/home/nephesh/.npm/watch-less/0.0.2/package/package.json","wscript":false,"contributors":false,"serverjs":false},"_id":"watch-less@0.0.2","devDependencies":{},"engines":{"node":"*"},"_engineSupported":true,"_npmVersion":"1.0.27","_nodeVersion":"v0.4.7","_defaultsLoaded":true,"dist":{"shasum":"2a5166ace6a705b5d6feec8c2d8b682e64925bde","tarball":"http://registry.npmjs.org/watch-less/-/watch-less-0.0.2.tgz"},"maintainers":[{"name":"jgreene","email":"justin.j.greene@gmail.com"}],"directories":{}}},"maintainers":[{"name":"jgreene","email":"justin.j.greene@gmail.com"}],"time":{"0.0.1":"2011-09-13T23:24:51.314Z","0.0.2":"2011-09-14T00:34:21.878Z"},"author":{"name":"Justin Greene","email":"justin.j.greene@gmail.com"},"repository":{"type":"git","url":"git://github.com/jgreene/watch-less.git"}}
info Already published watch-less@0.0.2
verbose uploading bin dists []
ERR! publish fail Cannot publish over existing version.
ERR! publish fail Bump the 'version' field, set the --force flag, or
ERR! publish fail     npm unpublish 'watch-less@0.0.2'
ERR! publish fail and try again
ERR! 
ERR! System Darwin 11.3.0
ERR! command "node" "/usr/bin/npm" "publish"
ERR! cwd /Users/justingreene/Desktop/Projects/watch-less
ERR! node -v v0.4.11
ERR! npm -v 1.0.17
verbose exit [ 1, true ]
